<?xml version="1.0" encoding="UTF-8"?>
<!-- Generated by org.testng.reporters.JUnitReportReporter -->
<testsuite hostname="ASHOKMWIN10" failures="0" tests="1" name="parallelExecution2.ChromeExecution" time="0.000" errors="0" timestamp="2022-04-07T19:27:26 IST" skipped="1">
  <testcase classname="parallelExecution2.ChromeExecution" name="run" time="0.000">
    <skipped/>
  </testcase> <!-- run -->
  <system-out/>
</testsuite> <!-- parallelExecution2.ChromeExecution -->
