<?xml version="1.0" encoding="UTF-8"?>
<!-- Generated by org.testng.reporters.JUnitReportReporter -->
<testsuite hostname="ASHOKMWIN10" failures="0" tests="2" name="parallelExecution.Parallel" time="48.964" errors="0" timestamp="2022-04-07T19:41:18 IST" skipped="0">
  <testcase classname="parallelExecution.Parallel" name="browser1" time="23.712"/>
  <system-out/>
  <testcase classname="parallelExecution.Parallel" name="browser2" time="25.252"/>
  <system-out/>
</testsuite> <!-- parallelExecution.Parallel -->
