<?xml version="1.0" encoding="UTF-8"?>
<!-- Generated by org.testng.reporters.JUnitReportReporter -->
<testsuite hostname="ASHOKMWIN10" failures="0" tests="3" name="parameter1.Parameterised" time="29.886" errors="0" timestamp="2022-04-05T21:08:23 IST" skipped="0">
  <testcase classname="parameter1.Parameterised" name="param1" time="14.320"/>
  <system-out/>
  <testcase classname="parameter1.Parameterised" name="searchProduct" time="10.556"/>
  <system-out/>
  <testcase classname="parameter1.Parameterised" name="sorting" time="5.010"/>
  <system-out/>
</testsuite> <!-- parameter1.Parameterised -->
