<?xml version="1.0" encoding="UTF-8"?>
<!-- Generated by org.testng.reporters.JUnitReportReporter -->
<testsuite hostname="ASHOKMWIN10" failures="0" tests="3" name="Loginpage.LoginTest" time="17.379" errors="0" timestamp="2022-04-05T19:52:26 IST" skipped="0">
  <testcase classname="Loginpage.LoginTest" name="login" time="9.651"/>
  <system-out/>
  <testcase classname="Loginpage.LoginTest" name="enterCredentials" time="5.728"/>
  <system-out/>
  <testcase classname="Loginpage.LoginTest" name="newCustomer" time="2.000"/>
  <system-out/>
</testsuite> <!-- Loginpage.LoginTest -->
